This file contains any messages produced by compilers while
running configure, to aid debugging if configure makes a mistake.

It was created by Camgen configure 1.0, which was
generated by GNU Autoconf 2.69.  Invocation command line was

  $ ./configure --with-gnuplot CXX=/usr/local/bin/g++-4.8

## --------- ##
## Platform. ##
## --------- ##

hostname = vdoords-MacBook.local
uname -m = x86_64
uname -r = 13.1.0
uname -s = Darwin
uname -v = Darwin Kernel Version 13.1.0: Wed Apr  2 23:52:02 PDT 2014; root:xnu-2422.92.1~2/RELEASE_X86_64

/usr/bin/uname -p = i386
/bin/uname -X     = unknown

/bin/arch              = unknown
/usr/bin/arch -k       = unknown
/usr/convex/getsysinfo = unknown
/usr/bin/hostinfo      = Mach kernel version:
	 Darwin Kernel Version 13.1.0: Wed Apr  2 23:52:02 PDT 2014; root:xnu-2422.92.1~2/RELEASE_X86_64
Kernel configured for up to 2 processors.
2 processors are physically available.
2 processors are logically available.
Processor type: i486 (Intel 80486)
Processors active: 0 1
Primary memory available: 2.00 gigabytes
Default processor set: 144 tasks, 525 threads, 2 processors
Load average: 1.15, Mach factor: 1.08
/bin/machine           = unknown
/usr/bin/oslevel       = unknown
/bin/universe          = unknown

PATH: /usr/local/bin
PATH: /usr/bin
PATH: /bin
PATH: /usr/sbin
PATH: /sbin
PATH: /usr/local/bin
PATH: /opt/X11/bin
PATH: /usr/local/git/bin
PATH: /usr/texbin
PATH: /usr/local/bin


## ----------- ##
## Core tests. ##
## ----------- ##

configure:2600: checking for gcc
configure:2616: found /usr/bin/gcc
configure:2627: result: gcc
configure:2856: checking for C compiler version
configure:2865: gcc --version >&5
Apple LLVM version 5.1 (clang-503.0.40) (based on LLVM 3.4svn)
Target: x86_64-apple-darwin13.1.0
Thread model: posix
Configured with: --prefix=/Applications/Xcode.app/Contents/Developer/usr --with-gxx-include-dir=/usr/include/c++/4.2.1
configure:2876: $? = 0
configure:2865: gcc -v >&5
Configured with: --prefix=/Applications/Xcode.app/Contents/Developer/usr --with-gxx-include-dir=/usr/include/c++/4.2.1
Apple LLVM version 5.1 (clang-503.0.40) (based on LLVM 3.4svn)
Target: x86_64-apple-darwin13.1.0
Thread model: posix
configure:2876: $? = 0
configure:2865: gcc -V >&5
clang: error: argument to '-V' is missing (expected 1 value)
clang: error: no input files
configure:2876: $? = 1
configure:2865: gcc -qversion >&5
clang: error: unknown argument: '-qversion' [-Wunused-command-line-argument-hard-error-in-future]
clang: note: this will be a hard error (cannot be downgraded to a warning) in the future
clang: error: no input files
configure:2876: $? = 1
configure:2896: checking whether the C compiler works
configure:2918: gcc    conftest.c  >&5
configure:2922: $? = 0
configure:2970: result: yes
configure:2973: checking for C compiler default output file name
configure:2975: result: a.out
configure:2981: checking for suffix of executables
configure:2988: gcc -o conftest    conftest.c  >&5
configure:2992: $? = 0
configure:3014: result: 
configure:3036: checking whether we are cross compiling
configure:3044: gcc -o conftest    conftest.c  >&5
configure:3048: $? = 0
configure:3055: ./conftest
configure:3059: $? = 0
configure:3074: result: no
configure:3079: checking for suffix of object files
configure:3101: gcc -c   conftest.c >&5
configure:3105: $? = 0
configure:3126: result: o
configure:3130: checking whether we are using the GNU C compiler
configure:3149: gcc -c   conftest.c >&5
configure:3149: $? = 0
configure:3158: result: yes
configure:3167: checking whether gcc accepts -g
configure:3187: gcc -c -g  conftest.c >&5
configure:3187: $? = 0
configure:3228: result: yes
configure:3245: checking for gcc option to accept ISO C89
configure:3308: gcc  -c -g -O2  conftest.c >&5
configure:3308: $? = 0
configure:3321: result: none needed
configure:3346: checking whether gcc understands -c and -o together
configure:3368: gcc -c conftest.c -o conftest2.o
configure:3371: $? = 0
configure:3368: gcc -c conftest.c -o conftest2.o
configure:3371: $? = 0
configure:3383: result: yes
configure:3450: checking for ar
configure:3466: found /usr/bin/ar
configure:3477: result: ar
configure:3503: checking the archiver (ar) interface
configure:3519: gcc -c -g -O2  conftest.c >&5
configure:3519: $? = 0
configure:3521: ar cru libconftest.a conftest.o >&5
configure:3524: $? = 0
configure:3552: result: ar
configure:3685: checking for C++ compiler version
configure:3694: /usr/local/bin/g++-4.8 --version >&5
g++-4.8 (GCC) 4.8.2
Copyright (C) 2013 Free Software Foundation, Inc.
This is free software; see the source for copying conditions.  There is NO
warranty; not even for MERCHANTABILITY or FITNESS FOR A PARTICULAR PURPOSE.

configure:3705: $? = 0
configure:3694: /usr/local/bin/g++-4.8 -v >&5
Using built-in specs.
COLLECT_GCC=/usr/local/bin/g++-4.8
COLLECT_LTO_WRAPPER=/usr/local/Cellar/gcc48/4.8.2/libexec/gcc/x86_64-apple-darwin13.1.0/4.8.2/lto-wrapper
Target: x86_64-apple-darwin13.1.0
Configured with: ../configure --build=x86_64-apple-darwin13.1.0 --prefix=/usr/local/Cellar/gcc48/4.8.2 --enable-languages=c,c++,objc,obj-c++ --program-suffix=-4.8 --with-gmp=/usr/local/opt/gmp4 --with-mpfr=/usr/local/opt/mpfr2 --with-mpc=/usr/local/opt/libmpc08 --with-cloog=/usr/local/opt/cloog018 --with-isl=/usr/local/opt/isl011 --with-system-zlib --enable-version-specific-runtime-libs --enable-libstdcxx-time=yes --enable-stage1-checking --enable-checking=release --enable-lto --disable-werror --enable-plugin --disable-nls --enable-multilib
Thread model: posix
gcc version 4.8.2 (GCC) 
configure:3705: $? = 0
configure:3694: /usr/local/bin/g++-4.8 -V >&5
g++-4.8: error: unrecognized command line option '-V'
g++-4.8: fatal error: no input files
compilation terminated.
configure:3705: $? = 1
configure:3694: /usr/local/bin/g++-4.8 -qversion >&5
g++-4.8: error: unrecognized command line option '-qversion'
g++-4.8: fatal error: no input files
compilation terminated.
configure:3705: $? = 1
configure:3709: checking whether we are using the GNU C++ compiler
configure:3728: /usr/local/bin/g++-4.8 -c   conftest.cpp >&5
configure:3728: $? = 0
configure:3737: result: yes
configure:3746: checking whether /usr/local/bin/g++-4.8 accepts -g
configure:3766: /usr/local/bin/g++-4.8 -c -g  conftest.cpp >&5
configure:3766: $? = 0
configure:3807: result: yes
configure:3835: checking how to run the C++ preprocessor
configure:3862: /usr/local/bin/g++-4.8 -E  conftest.cpp
configure:3862: $? = 0
configure:3876: /usr/local/bin/g++-4.8 -E  conftest.cpp
conftest.cpp:9:28: fatal error: ac_nonexistent.h: No such file or directory
 #include <ac_nonexistent.h>
                            ^
compilation terminated.
configure:3876: $? = 1
configure: failed program was:
| /* confdefs.h */
| #define PACKAGE_NAME "Camgen"
| #define PACKAGE_TARNAME "camgen"
| #define PACKAGE_VERSION "1.0"
| #define PACKAGE_STRING "Camgen 1.0"
| #define PACKAGE_BUGREPORT "Gijs van den Oord <G.vandenOord@gmail.com>"
| #define PACKAGE_URL ""
| /* end confdefs.h.  */
| #include <ac_nonexistent.h>
configure:3901: result: /usr/local/bin/g++-4.8 -E
configure:3921: /usr/local/bin/g++-4.8 -E  conftest.cpp
configure:3921: $? = 0
configure:3935: /usr/local/bin/g++-4.8 -E  conftest.cpp
conftest.cpp:9:28: fatal error: ac_nonexistent.h: No such file or directory
 #include <ac_nonexistent.h>
                            ^
compilation terminated.
configure:3935: $? = 1
configure: failed program was:
| /* confdefs.h */
| #define PACKAGE_NAME "Camgen"
| #define PACKAGE_TARNAME "camgen"
| #define PACKAGE_VERSION "1.0"
| #define PACKAGE_STRING "Camgen 1.0"
| #define PACKAGE_BUGREPORT "Gijs van den Oord <G.vandenOord@gmail.com>"
| #define PACKAGE_URL ""
| /* end confdefs.h.  */
| #include <ac_nonexistent.h>
configure:4075: checking for C++ compiler version
configure:4084: /usr/local/bin/g++-4.8 --version >&5
g++-4.8 (GCC) 4.8.2
Copyright (C) 2013 Free Software Foundation, Inc.
This is free software; see the source for copying conditions.  There is NO
warranty; not even for MERCHANTABILITY or FITNESS FOR A PARTICULAR PURPOSE.

configure:4095: $? = 0
configure:4084: /usr/local/bin/g++-4.8 -v >&5
Using built-in specs.
COLLECT_GCC=/usr/local/bin/g++-4.8
COLLECT_LTO_WRAPPER=/usr/local/Cellar/gcc48/4.8.2/libexec/gcc/x86_64-apple-darwin13.1.0/4.8.2/lto-wrapper
Target: x86_64-apple-darwin13.1.0
Configured with: ../configure --build=x86_64-apple-darwin13.1.0 --prefix=/usr/local/Cellar/gcc48/4.8.2 --enable-languages=c,c++,objc,obj-c++ --program-suffix=-4.8 --with-gmp=/usr/local/opt/gmp4 --with-mpfr=/usr/local/opt/mpfr2 --with-mpc=/usr/local/opt/libmpc08 --with-cloog=/usr/local/opt/cloog018 --with-isl=/usr/local/opt/isl011 --with-system-zlib --enable-version-specific-runtime-libs --enable-libstdcxx-time=yes --enable-stage1-checking --enable-checking=release --enable-lto --disable-werror --enable-plugin --disable-nls --enable-multilib
Thread model: posix
gcc version 4.8.2 (GCC) 
configure:4095: $? = 0
configure:4084: /usr/local/bin/g++-4.8 -V >&5
g++-4.8: error: unrecognized command line option '-V'
g++-4.8: fatal error: no input files
compilation terminated.
configure:4095: $? = 1
configure:4084: /usr/local/bin/g++-4.8 -qversion >&5
g++-4.8: error: unrecognized command line option '-qversion'
g++-4.8: fatal error: no input files
compilation terminated.
configure:4095: $? = 1
configure:4099: checking whether we are using the GNU C++ compiler
configure:4127: result: yes
configure:4136: checking whether /usr/local/bin/g++-4.8 accepts -g
configure:4197: result: yes
configure:4234: checking for a BSD-compatible install
configure:4302: result: /usr/bin/install -c
configure:4342: checking build system type
configure:4356: result: i386-apple-darwin13.1.0
configure:4376: checking host system type
configure:4389: result: i386-apple-darwin13.1.0
configure:4430: checking how to print strings
configure:4457: result: printf
configure:4478: checking for a sed that does not truncate output
configure:4542: result: /usr/bin/sed
configure:4560: checking for grep that handles long lines and -e
configure:4618: result: /usr/bin/grep
configure:4623: checking for egrep
configure:4685: result: /usr/bin/grep -E
configure:4690: checking for fgrep
configure:4752: result: /usr/bin/grep -F
configure:4787: checking for ld used by gcc
configure:4854: result: /Applications/Xcode.app/Contents/Developer/Toolchains/XcodeDefault.xctoolchain/usr/bin/ld
configure:4861: checking if the linker (/Applications/Xcode.app/Contents/Developer/Toolchains/XcodeDefault.xctoolchain/usr/bin/ld) is GNU ld
configure:4876: result: no
configure:4888: checking for BSD- or MS-compatible name lister (nm)
configure:4937: result: /usr/bin/nm
configure:5067: checking the name lister (/usr/bin/nm) interface
configure:5074: gcc -c -g -O2  conftest.c >&5
configure:5077: /usr/bin/nm "conftest.o"
configure:5080: output
0000000000000214 S _some_variable
configure:5087: result: BSD nm
configure:5090: checking whether ln -s works
configure:5094: result: yes
configure:5102: checking the maximum length of command line arguments
configure:5232: result: 196608
configure:5249: checking whether the shell understands some XSI constructs
configure:5259: result: yes
configure:5263: checking whether the shell understands "+="
configure:5269: result: yes
configure:5304: checking how to convert i386-apple-darwin13.1.0 file names to i386-apple-darwin13.1.0 format
configure:5344: result: func_convert_file_noop
configure:5351: checking how to convert i386-apple-darwin13.1.0 file names to toolchain format
configure:5371: result: func_convert_file_noop
configure:5378: checking for /Applications/Xcode.app/Contents/Developer/Toolchains/XcodeDefault.xctoolchain/usr/bin/ld option to reload object files
configure:5385: result: -r
configure:5459: checking for objdump
configure:5489: result: no
configure:5518: checking how to recognize dependent libraries
configure:5720: result: pass_all
configure:5805: checking for dlltool
configure:5835: result: no
configure:5865: checking how to associate runtime and link libraries
configure:5892: result: printf %s\n
configure:6016: checking for archiver @FILE support
configure:6033: gcc -c -g -O2  conftest.c >&5
configure:6033: $? = 0
configure:6036: ar cru libconftest.a @conftest.lst >&5
ar: @conftest.lst: No such file or directory
configure:6039: $? = 1
configure:6059: result: no
configure:6117: checking for strip
configure:6133: found /usr/bin/strip
configure:6144: result: strip
configure:6216: checking for ranlib
configure:6232: found /usr/bin/ranlib
configure:6243: result: ranlib
configure:6320: checking for gawk
configure:6350: result: no
configure:6320: checking for mawk
configure:6350: result: no
configure:6320: checking for nawk
configure:6350: result: no
configure:6320: checking for awk
configure:6336: found /usr/bin/awk
configure:6347: result: awk
configure:6387: checking command to parse /usr/bin/nm output from gcc object
configure:6507: gcc -c -g -O2  conftest.c >&5
configure:6510: $? = 0
configure:6514: /usr/bin/nm conftest.o \| sed -n -e 's/^.*[ ]\([BCDEGRST][BCDEGRST]*\)[ ][ ]*\([_A-Za-z][_A-Za-z0-9]*\)$/\1 \2 \2/p' | sed '/ __gnu_lto/d' \> conftest.nm
configure:6517: $? = 0
cannot find nm_test_var in conftest.nm
configure:6507: gcc -c -g -O2  conftest.c >&5
configure:6510: $? = 0
configure:6514: /usr/bin/nm conftest.o \| sed -n -e 's/^.*[ ]\([BCDEGRST][BCDEGRST]*\)[ ][ ]*_\([_A-Za-z][_A-Za-z0-9]*\)$/\1 _\2 \2/p' | sed '/ __gnu_lto/d' \> conftest.nm
configure:6517: $? = 0
configure:6583: gcc -o conftest -g -O2   conftest.c conftstm.o >&5
configure:6586: $? = 0
configure:6624: result: ok
configure:6661: checking for sysroot
configure:6691: result: no
configure:6947: checking for mt
configure:6977: result: no
configure:6997: checking if : is a manifest tool
configure:7003: : '-?'
configure:7011: result: no
configure:7067: checking for dsymutil
configure:7083: found /usr/bin/dsymutil
configure:7094: result: dsymutil
configure:7159: checking for nmedit
configure:7175: found /usr/bin/nmedit
configure:7186: result: nmedit
configure:7251: checking for lipo
configure:7267: found /usr/bin/lipo
configure:7278: result: lipo
configure:7343: checking for otool
configure:7359: found /usr/bin/otool
configure:7370: result: otool
configure:7435: checking for otool64
configure:7465: result: no
configure:7510: checking for -single_module linker flag
gcc -g -O2  -o libconftest.dylib -dynamiclib -Wl,-single_module conftest.c
configure:7543: result: yes
configure:7546: checking for -exported_symbols_list linker flag
configure:7566: gcc -o conftest -g -O2   -Wl,-exported_symbols_list,conftest.sym conftest.c  >&5
configure:7566: $? = 0
configure:7576: result: yes
configure:7579: checking for -force_load linker flag
gcc -g -O2 -c -o conftest.o conftest.c
ar cru libconftest.a conftest.o
ranlib libconftest.a
gcc -g -O2  -o conftest conftest.c -Wl,-force_load,./libconftest.a
configure:7611: result: yes
configure:7653: checking how to run the C preprocessor
configure:7684: gcc -E  conftest.c
configure:7684: $? = 0
configure:7698: gcc -E  conftest.c
conftest.c:9:10: fatal error: 'ac_nonexistent.h' file not found
#include <ac_nonexistent.h>
         ^
1 error generated.
configure:7698: $? = 1
configure: failed program was:
| /* confdefs.h */
| #define PACKAGE_NAME "Camgen"
| #define PACKAGE_TARNAME "camgen"
| #define PACKAGE_VERSION "1.0"
| #define PACKAGE_STRING "Camgen 1.0"
| #define PACKAGE_BUGREPORT "Gijs van den Oord <G.vandenOord@gmail.com>"
| #define PACKAGE_URL ""
| /* end confdefs.h.  */
| #include <ac_nonexistent.h>
configure:7723: result: gcc -E
configure:7743: gcc -E  conftest.c
configure:7743: $? = 0
configure:7757: gcc -E  conftest.c
conftest.c:9:10: fatal error: 'ac_nonexistent.h' file not found
#include <ac_nonexistent.h>
         ^
1 error generated.
configure:7757: $? = 1
configure: failed program was:
| /* confdefs.h */
| #define PACKAGE_NAME "Camgen"
| #define PACKAGE_TARNAME "camgen"
| #define PACKAGE_VERSION "1.0"
| #define PACKAGE_STRING "Camgen 1.0"
| #define PACKAGE_BUGREPORT "Gijs van den Oord <G.vandenOord@gmail.com>"
| #define PACKAGE_URL ""
| /* end confdefs.h.  */
| #include <ac_nonexistent.h>
configure:7786: checking for ANSI C header files
configure:7806: gcc -c -g -O2  conftest.c >&5
configure:7806: $? = 0
configure:7879: gcc -o conftest -g -O2   conftest.c  >&5
configure:7879: $? = 0
configure:7879: ./conftest
configure:7879: $? = 0
configure:7890: result: yes
configure:7903: checking for sys/types.h
configure:7903: gcc -c -g -O2  conftest.c >&5
configure:7903: $? = 0
configure:7903: result: yes
configure:7903: checking for sys/stat.h
configure:7903: gcc -c -g -O2  conftest.c >&5
configure:7903: $? = 0
configure:7903: result: yes
configure:7903: checking for stdlib.h
configure:7903: gcc -c -g -O2  conftest.c >&5
configure:7903: $? = 0
configure:7903: result: yes
configure:7903: checking for string.h
configure:7903: gcc -c -g -O2  conftest.c >&5
configure:7903: $? = 0
configure:7903: result: yes
configure:7903: checking for memory.h
configure:7903: gcc -c -g -O2  conftest.c >&5
configure:7903: $? = 0
configure:7903: result: yes
configure:7903: checking for strings.h
configure:7903: gcc -c -g -O2  conftest.c >&5
configure:7903: $? = 0
configure:7903: result: yes
configure:7903: checking for inttypes.h
configure:7903: gcc -c -g -O2  conftest.c >&5
configure:7903: $? = 0
configure:7903: result: yes
configure:7903: checking for stdint.h
configure:7903: gcc -c -g -O2  conftest.c >&5
configure:7903: $? = 0
configure:7903: result: yes
configure:7903: checking for unistd.h
configure:7903: gcc -c -g -O2  conftest.c >&5
configure:7903: $? = 0
configure:7903: result: yes
configure:7917: checking for dlfcn.h
configure:7917: gcc -c -g -O2  conftest.c >&5
configure:7917: $? = 0
configure:7917: result: yes
configure:8134: checking for objdir
configure:8149: result: .libs
configure:8416: checking if gcc supports -fno-rtti -fno-exceptions
configure:8434: gcc -c -g -O2  -fno-rtti -fno-exceptions conftest.c >&5
configure:8438: $? = 0
configure:8451: result: yes
configure:8778: checking for gcc option to produce PIC
configure:8785: result: -fno-common -DPIC
configure:8793: checking if gcc PIC flag -fno-common -DPIC works
configure:8811: gcc -c -g -O2  -fno-common -DPIC -DPIC conftest.c >&5
configure:8815: $? = 0
configure:8828: result: yes
configure:8857: checking if gcc static flag -static works
configure:8885: result: no
configure:8900: checking if gcc supports -c -o file.o
configure:8921: gcc -c -g -O2  -o out/conftest2.o conftest.c >&5
configure:8925: $? = 0
configure:8947: result: yes
configure:8955: checking if gcc supports -c -o file.o
configure:9002: result: yes
configure:9035: checking whether the gcc linker (/Applications/Xcode.app/Contents/Developer/Toolchains/XcodeDefault.xctoolchain/usr/bin/ld) supports shared libraries
configure:10188: result: yes
configure:10428: checking dynamic linker characteristics
configure:11161: result: darwin13.1.0 dyld
configure:11268: checking how to hardcode library paths into programs
configure:11293: result: immediate
configure:11833: checking whether stripping libraries is possible
configure:11847: result: yes
configure:11873: checking if libtool supports shared libraries
configure:11875: result: yes
configure:11878: checking whether to build shared libraries
configure:11899: result: yes
configure:11902: checking whether to build static libraries
configure:11906: result: yes
configure:11929: checking how to run the C++ preprocessor
configure:11995: result: /usr/local/bin/g++-4.8 -E
configure:12015: /usr/local/bin/g++-4.8 -E  conftest.cpp
configure:12015: $? = 0
configure:12029: /usr/local/bin/g++-4.8 -E  conftest.cpp
conftest.cpp:21:28: fatal error: ac_nonexistent.h: No such file or directory
 #include <ac_nonexistent.h>
                            ^
compilation terminated.
configure:12029: $? = 1
configure: failed program was:
| /* confdefs.h */
| #define PACKAGE_NAME "Camgen"
| #define PACKAGE_TARNAME "camgen"
| #define PACKAGE_VERSION "1.0"
| #define PACKAGE_STRING "Camgen 1.0"
| #define PACKAGE_BUGREPORT "Gijs van den Oord <G.vandenOord@gmail.com>"
| #define PACKAGE_URL ""
| #define STDC_HEADERS 1
| #define HAVE_SYS_TYPES_H 1
| #define HAVE_SYS_STAT_H 1
| #define HAVE_STDLIB_H 1
| #define HAVE_STRING_H 1
| #define HAVE_MEMORY_H 1
| #define HAVE_STRINGS_H 1
| #define HAVE_INTTYPES_H 1
| #define HAVE_STDINT_H 1
| #define HAVE_UNISTD_H 1
| #define HAVE_DLFCN_H 1
| #define LT_OBJDIR ".libs/"
| /* end confdefs.h.  */
| #include <ac_nonexistent.h>
configure:12198: checking for ld used by /usr/local/bin/g++-4.8
configure:12265: result: /Applications/Xcode.app/Contents/Developer/Toolchains/XcodeDefault.xctoolchain/usr/bin/ld
configure:12272: checking if the linker (/Applications/Xcode.app/Contents/Developer/Toolchains/XcodeDefault.xctoolchain/usr/bin/ld) is GNU ld
configure:12287: result: no
configure:12342: checking whether the /usr/local/bin/g++-4.8 linker (/Applications/Xcode.app/Contents/Developer/Toolchains/XcodeDefault.xctoolchain/usr/bin/ld) supports shared libraries
configure:13347: result: yes
configure:13383: /usr/local/bin/g++-4.8 -c -g -O2  conftest.cpp >&5
configure:13386: $? = 0
configure:13906: checking for /usr/local/bin/g++-4.8 option to produce PIC
configure:13913: result: -fno-common -DPIC
configure:13921: checking if /usr/local/bin/g++-4.8 PIC flag -fno-common -DPIC works
configure:13939: /usr/local/bin/g++-4.8 -c -g -O2  -fno-common -DPIC -DPIC conftest.cpp >&5
configure:13943: $? = 0
configure:13956: result: yes
configure:13979: checking if /usr/local/bin/g++-4.8 static flag -static works
configure:14007: result: no
configure:14019: checking if /usr/local/bin/g++-4.8 supports -c -o file.o
configure:14040: /usr/local/bin/g++-4.8 -c -g -O2  -o out/conftest2.o conftest.cpp >&5
configure:14044: $? = 0
configure:14066: result: yes
configure:14071: checking if /usr/local/bin/g++-4.8 supports -c -o file.o
configure:14118: result: yes
configure:14148: checking whether the /usr/local/bin/g++-4.8 linker (/Applications/Xcode.app/Contents/Developer/Toolchains/XcodeDefault.xctoolchain/usr/bin/ld) supports shared libraries
configure:14184: result: yes
configure:14325: checking dynamic linker characteristics
configure:14992: result: darwin13.1.0 dyld
configure:15045: checking how to hardcode library paths into programs
configure:15070: result: immediate
configure:15136: checking whether build environment is sane
configure:15191: result: yes
configure:15226: WARNING: 'missing' script is too old or missing
configure:15339: checking for a thread-safe mkdir -p
configure:15378: result: build-aux/install-sh -c -d
configure:15381: checking whether make sets $(MAKE)
configure:15403: result: yes
configure:15433: checking for style of include used by make
configure:15461: result: GNU
configure:15495: checking whether make supports nested variables
configure:15512: result: yes
configure:15597: checking dependency style of gcc
configure:15708: result: gcc3
configure:15725: checking dependency style of /usr/local/bin/g++-4.8
configure:15836: result: gcc3
configure:15906: checking for ANSI C header files
configure:16010: result: yes
configure:16018: checking string usability
configure:16018: /usr/local/bin/g++-4.8 -c -g -O2  conftest.cpp >&5
configure:16018: $? = 0
configure:16018: result: yes
configure:16018: checking string presence
configure:16018: /usr/local/bin/g++-4.8 -E  conftest.cpp
configure:16018: $? = 0
configure:16018: result: yes
configure:16018: checking for string
configure:16018: result: yes
configure:16024: checking iostream usability
configure:16024: /usr/local/bin/g++-4.8 -c -g -O2  conftest.cpp >&5
configure:16024: $? = 0
configure:16024: result: yes
configure:16024: checking iostream presence
configure:16024: /usr/local/bin/g++-4.8 -E  conftest.cpp
configure:16024: $? = 0
configure:16024: result: yes
configure:16024: checking for iostream
configure:16024: result: yes
configure:16030: checking fstream usability
configure:16030: /usr/local/bin/g++-4.8 -c -g -O2  conftest.cpp >&5
configure:16030: $? = 0
configure:16030: result: yes
configure:16030: checking fstream presence
configure:16030: /usr/local/bin/g++-4.8 -E  conftest.cpp
configure:16030: $? = 0
configure:16030: result: yes
configure:16030: checking for fstream
configure:16030: result: yes
configure:16036: checking sstream usability
configure:16036: /usr/local/bin/g++-4.8 -c -g -O2  conftest.cpp >&5
configure:16036: $? = 0
configure:16036: result: yes
configure:16036: checking sstream presence
configure:16036: /usr/local/bin/g++-4.8 -E  conftest.cpp
configure:16036: $? = 0
configure:16036: result: yes
configure:16036: checking for sstream
configure:16036: result: yes
configure:16042: checking bitset usability
configure:16042: /usr/local/bin/g++-4.8 -c -g -O2  conftest.cpp >&5
configure:16042: $? = 0
configure:16042: result: yes
configure:16042: checking bitset presence
configure:16042: /usr/local/bin/g++-4.8 -E  conftest.cpp
configure:16042: $? = 0
configure:16042: result: yes
configure:16042: checking for bitset
configure:16042: result: yes
configure:16048: checking list usability
configure:16048: /usr/local/bin/g++-4.8 -c -g -O2  conftest.cpp >&5
configure:16048: $? = 0
configure:16048: result: yes
configure:16048: checking list presence
configure:16048: /usr/local/bin/g++-4.8 -E  conftest.cpp
configure:16048: $? = 0
configure:16048: result: yes
configure:16048: checking for list
configure:16048: result: yes
configure:16054: checking map usability
configure:16054: /usr/local/bin/g++-4.8 -c -g -O2  conftest.cpp >&5
configure:16054: $? = 0
configure:16054: result: yes
configure:16054: checking map presence
configure:16054: /usr/local/bin/g++-4.8 -E  conftest.cpp
configure:16054: $? = 0
configure:16054: result: yes
configure:16054: checking for map
configure:16054: result: yes
configure:16060: checking set usability
configure:16060: /usr/local/bin/g++-4.8 -c -g -O2  conftest.cpp >&5
configure:16060: $? = 0
configure:16060: result: yes
configure:16060: checking set presence
configure:16060: /usr/local/bin/g++-4.8 -E  conftest.cpp
configure:16060: $? = 0
configure:16060: result: yes
configure:16060: checking for set
configure:16060: result: yes
configure:16066: checking vector usability
configure:16066: /usr/local/bin/g++-4.8 -c -g -O2  conftest.cpp >&5
configure:16066: $? = 0
configure:16066: result: yes
configure:16066: checking vector presence
configure:16066: /usr/local/bin/g++-4.8 -E  conftest.cpp
configure:16066: $? = 0
configure:16066: result: yes
configure:16066: checking for vector
configure:16066: result: yes
configure:16072: checking algorithm usability
configure:16072: /usr/local/bin/g++-4.8 -c -g -O2  conftest.cpp >&5
configure:16072: $? = 0
configure:16072: result: yes
configure:16072: checking algorithm presence
configure:16072: /usr/local/bin/g++-4.8 -E  conftest.cpp
configure:16072: $? = 0
configure:16072: result: yes
configure:16072: checking for algorithm
configure:16072: result: yes
configure:16085: checking for LHAPDF
configure:16099: result: no
configure:16132: checking for inline
configure:16148: /usr/local/bin/g++-4.8 -c -g -O2  conftest.cpp >&5
configure:16148: $? = 0
configure:16156: result: inline
configure:16174: checking for size_t
configure:16174: /usr/local/bin/g++-4.8 -c -g -O2  conftest.cpp >&5
configure:16174: $? = 0
configure:16174: /usr/local/bin/g++-4.8 -c -g -O2  conftest.cpp >&5
conftest.cpp: In function 'int main()':
conftest.cpp:60:20: error: expected primary-expression before ')' token
 if (sizeof ((size_t)))
                    ^
configure:16174: $? = 1
configure: failed program was:
| /* confdefs.h */
| #define PACKAGE_NAME "Camgen"
| #define PACKAGE_TARNAME "camgen"
| #define PACKAGE_VERSION "1.0"
| #define PACKAGE_STRING "Camgen 1.0"
| #define PACKAGE_BUGREPORT "Gijs van den Oord <G.vandenOord@gmail.com>"
| #define PACKAGE_URL ""
| #define STDC_HEADERS 1
| #define HAVE_SYS_TYPES_H 1
| #define HAVE_SYS_STAT_H 1
| #define HAVE_STDLIB_H 1
| #define HAVE_STRING_H 1
| #define HAVE_MEMORY_H 1
| #define HAVE_STRINGS_H 1
| #define HAVE_INTTYPES_H 1
| #define HAVE_STDINT_H 1
| #define HAVE_UNISTD_H 1
| #define HAVE_DLFCN_H 1
| #define LT_OBJDIR ".libs/"
| #define PACKAGE "camgen"
| #define VERSION "1.0"
| #define STDC_HEADERS 1
| /* end confdefs.h.  */
| #include <stdio.h>
| #ifdef HAVE_SYS_TYPES_H
| # include <sys/types.h>
| #endif
| #ifdef HAVE_SYS_STAT_H
| # include <sys/stat.h>
| #endif
| #ifdef STDC_HEADERS
| # include <stdlib.h>
| # include <stddef.h>
| #else
| # ifdef HAVE_STDLIB_H
| #  include <stdlib.h>
| # endif
| #endif
| #ifdef HAVE_STRING_H
| # if !defined STDC_HEADERS && defined HAVE_MEMORY_H
| #  include <memory.h>
| # endif
| # include <string.h>
| #endif
| #ifdef HAVE_STRINGS_H
| # include <strings.h>
| #endif
| #ifdef HAVE_INTTYPES_H
| # include <inttypes.h>
| #endif
| #ifdef HAVE_STDINT_H
| # include <stdint.h>
| #endif
| #ifdef HAVE_UNISTD_H
| # include <unistd.h>
| #endif
| int
| main ()
| {
| if (sizeof ((size_t)))
| 	    return 0;
|   ;
|   return 0;
| }
configure:16174: result: yes
configure:16185: checking for ptrdiff_t
configure:16185: /usr/local/bin/g++-4.8 -c -g -O2  conftest.cpp >&5
configure:16185: $? = 0
configure:16185: /usr/local/bin/g++-4.8 -c -g -O2  conftest.cpp >&5
conftest.cpp: In function 'int main()':
conftest.cpp:60:23: error: expected primary-expression before ')' token
 if (sizeof ((ptrdiff_t)))
                       ^
configure:16185: $? = 1
configure: failed program was:
| /* confdefs.h */
| #define PACKAGE_NAME "Camgen"
| #define PACKAGE_TARNAME "camgen"
| #define PACKAGE_VERSION "1.0"
| #define PACKAGE_STRING "Camgen 1.0"
| #define PACKAGE_BUGREPORT "Gijs van den Oord <G.vandenOord@gmail.com>"
| #define PACKAGE_URL ""
| #define STDC_HEADERS 1
| #define HAVE_SYS_TYPES_H 1
| #define HAVE_SYS_STAT_H 1
| #define HAVE_STDLIB_H 1
| #define HAVE_STRING_H 1
| #define HAVE_MEMORY_H 1
| #define HAVE_STRINGS_H 1
| #define HAVE_INTTYPES_H 1
| #define HAVE_STDINT_H 1
| #define HAVE_UNISTD_H 1
| #define HAVE_DLFCN_H 1
| #define LT_OBJDIR ".libs/"
| #define PACKAGE "camgen"
| #define VERSION "1.0"
| #define STDC_HEADERS 1
| /* end confdefs.h.  */
| #include <stdio.h>
| #ifdef HAVE_SYS_TYPES_H
| # include <sys/types.h>
| #endif
| #ifdef HAVE_SYS_STAT_H
| # include <sys/stat.h>
| #endif
| #ifdef STDC_HEADERS
| # include <stdlib.h>
| # include <stddef.h>
| #else
| # ifdef HAVE_STDLIB_H
| #  include <stdlib.h>
| # endif
| #endif
| #ifdef HAVE_STRING_H
| # if !defined STDC_HEADERS && defined HAVE_MEMORY_H
| #  include <memory.h>
| # endif
| # include <string.h>
| #endif
| #ifdef HAVE_STRINGS_H
| # include <strings.h>
| #endif
| #ifdef HAVE_INTTYPES_H
| # include <inttypes.h>
| #endif
| #ifdef HAVE_STDINT_H
| # include <stdint.h>
| #endif
| #ifdef HAVE_UNISTD_H
| # include <unistd.h>
| #endif
| int
| main ()
| {
| if (sizeof ((ptrdiff_t)))
| 	    return 0;
|   ;
|   return 0;
| }
configure:16185: result: yes
configure:16198: checking for error_at_line
configure:16214: /usr/local/bin/g++-4.8 -o conftest -g -O2   conftest.cpp  >&5
conftest.cpp:25:19: fatal error: error.h: No such file or directory
 #include <error.h>
                   ^
compilation terminated.
configure:16214: $? = 1
configure: failed program was:
| /* confdefs.h */
| #define PACKAGE_NAME "Camgen"
| #define PACKAGE_TARNAME "camgen"
| #define PACKAGE_VERSION "1.0"
| #define PACKAGE_STRING "Camgen 1.0"
| #define PACKAGE_BUGREPORT "Gijs van den Oord <G.vandenOord@gmail.com>"
| #define PACKAGE_URL ""
| #define STDC_HEADERS 1
| #define HAVE_SYS_TYPES_H 1
| #define HAVE_SYS_STAT_H 1
| #define HAVE_STDLIB_H 1
| #define HAVE_STRING_H 1
| #define HAVE_MEMORY_H 1
| #define HAVE_STRINGS_H 1
| #define HAVE_INTTYPES_H 1
| #define HAVE_STDINT_H 1
| #define HAVE_UNISTD_H 1
| #define HAVE_DLFCN_H 1
| #define LT_OBJDIR ".libs/"
| #define PACKAGE "camgen"
| #define VERSION "1.0"
| #define STDC_HEADERS 1
| #define HAVE_PTRDIFF_T 1
| /* end confdefs.h.  */
| #include <error.h>
| int
| main ()
| {
| error_at_line (0, 0, "", 0, "an error occurred");
|   ;
|   return 0;
| }
configure:16222: result: no
configure:16236: checking for floor
configure:16236: /usr/local/bin/g++-4.8 -o conftest -g -O2   conftest.cpp  >&5
configure:16236: $? = 0
configure:16236: result: yes
configure:16236: checking for pow
configure:16236: /usr/local/bin/g++-4.8 -o conftest -g -O2   conftest.cpp  >&5
configure:16236: $? = 0
configure:16236: result: yes
configure:16236: checking for sqrt
configure:16236: /usr/local/bin/g++-4.8 -o conftest -g -O2   conftest.cpp  >&5
configure:16236: $? = 0
configure:16236: result: yes
configure:16264: checking for gnuplot location
configure:16266: result: yes
configure:16271: checking for gnuplot
configure:16287: found /usr/local/bin/gnuplot
configure:16299: result: yes
configure:16433: checking that generated files are newer than configure
configure:16439: result: done
configure:16470: creating ./config.status

## ---------------------- ##
## Running config.status. ##
## ---------------------- ##

This file was extended by Camgen config.status 1.0, which was
generated by GNU Autoconf 2.69.  Invocation command line was

  CONFIG_FILES    = 
  CONFIG_HEADERS  = 
  CONFIG_LINKS    = 
  CONFIG_COMMANDS = 
  $ ./config.status 

on vdoords-MacBook.local

config.status:1155: creating Makefile
config.status:1155: creating include/Makefile
config.status:1155: creating lib/Makefile
config.status:1155: creating src/Makefile
config.status:1155: creating examples/Makefile
config.status:1155: creating test/Makefile
config.status:1155: creating config.h
config.status:1336: config.h is unchanged
config.status:1384: executing libtool commands
config.status:1384: executing depfiles commands

## ---------------- ##
## Cache variables. ##
## ---------------- ##

ac_cv_build=i386-apple-darwin13.1.0
ac_cv_c_compiler_gnu=yes
ac_cv_c_inline=inline
ac_cv_cxx_compiler_gnu=yes
ac_cv_env_CCC_set=
ac_cv_env_CCC_value=
ac_cv_env_CC_set=
ac_cv_env_CC_value=
ac_cv_env_CFLAGS_set=
ac_cv_env_CFLAGS_value=
ac_cv_env_CPPFLAGS_set=
ac_cv_env_CPPFLAGS_value=
ac_cv_env_CPP_set=
ac_cv_env_CPP_value=
ac_cv_env_CXXCPP_set=
ac_cv_env_CXXCPP_value=
ac_cv_env_CXXFLAGS_set=
ac_cv_env_CXXFLAGS_value=
ac_cv_env_CXX_set=set
ac_cv_env_CXX_value=/usr/local/bin/g++-4.8
ac_cv_env_LDFLAGS_set=
ac_cv_env_LDFLAGS_value=
ac_cv_env_LIBS_set=
ac_cv_env_LIBS_value=
ac_cv_env_build_alias_set=
ac_cv_env_build_alias_value=
ac_cv_env_host_alias_set=
ac_cv_env_host_alias_value=
ac_cv_env_target_alias_set=
ac_cv_env_target_alias_value=
ac_cv_func_floor=yes
ac_cv_func_pow=yes
ac_cv_func_sqrt=yes
ac_cv_header_algorithm=yes
ac_cv_header_bitset=yes
ac_cv_header_dlfcn_h=yes
ac_cv_header_fstream=yes
ac_cv_header_inttypes_h=yes
ac_cv_header_iostream=yes
ac_cv_header_list=yes
ac_cv_header_map=yes
ac_cv_header_memory_h=yes
ac_cv_header_set=yes
ac_cv_header_sstream=yes
ac_cv_header_stdc=yes
ac_cv_header_stdint_h=yes
ac_cv_header_stdlib_h=yes
ac_cv_header_string=yes
ac_cv_header_string_h=yes
ac_cv_header_strings_h=yes
ac_cv_header_sys_stat_h=yes
ac_cv_header_sys_types_h=yes
ac_cv_header_unistd_h=yes
ac_cv_header_vector=yes
ac_cv_host=i386-apple-darwin13.1.0
ac_cv_lib_error_at_line=no
ac_cv_objext=o
ac_cv_path_EGREP='/usr/bin/grep -E'
ac_cv_path_FGREP='/usr/bin/grep -F'
ac_cv_path_GREP=/usr/bin/grep
ac_cv_path_SED=/usr/bin/sed
ac_cv_path_install='/usr/bin/install -c'
ac_cv_prog_AWK=awk
ac_cv_prog_CPP='gcc -E'
ac_cv_prog_CXXCPP='/usr/local/bin/g++-4.8 -E'
ac_cv_prog_HAVE_GNUPLOT=yes
ac_cv_prog_ac_ct_AR=ar
ac_cv_prog_ac_ct_CC=gcc
ac_cv_prog_ac_ct_DSYMUTIL=dsymutil
ac_cv_prog_ac_ct_LIPO=lipo
ac_cv_prog_ac_ct_NMEDIT=nmedit
ac_cv_prog_ac_ct_OTOOL=otool
ac_cv_prog_ac_ct_RANLIB=ranlib
ac_cv_prog_ac_ct_STRIP=strip
ac_cv_prog_cc_c89=
ac_cv_prog_cc_g=yes
ac_cv_prog_cxx_g=yes
ac_cv_prog_make_make_set=yes
ac_cv_type_ptrdiff_t=yes
ac_cv_type_size_t=yes
am_cv_CC_dependencies_compiler_type=gcc3
am_cv_CXX_dependencies_compiler_type=gcc3
am_cv_ar_interface=ar
am_cv_make_support_nested_variables=yes
am_cv_prog_cc_c_o=yes
lt_cv_apple_cc_single_mod=yes
lt_cv_ar_at_file=no
lt_cv_deplibs_check_method=pass_all
lt_cv_file_magic_cmd='$MAGIC_CMD'
lt_cv_file_magic_test_file=
lt_cv_ld_exported_symbols_list=yes
lt_cv_ld_force_load=yes
lt_cv_ld_reload_flag=-r
lt_cv_nm_interface='BSD nm'
lt_cv_objdir=.libs
lt_cv_path_LD=/Applications/Xcode.app/Contents/Developer/Toolchains/XcodeDefault.xctoolchain/usr/bin/ld
lt_cv_path_LDCXX=/Applications/Xcode.app/Contents/Developer/Toolchains/XcodeDefault.xctoolchain/usr/bin/ld
lt_cv_path_NM=/usr/bin/nm
lt_cv_path_mainfest_tool=no
lt_cv_prog_compiler_c_o=yes
lt_cv_prog_compiler_c_o_CXX=yes
lt_cv_prog_compiler_pic='-fno-common -DPIC'
lt_cv_prog_compiler_pic_CXX='-fno-common -DPIC'
lt_cv_prog_compiler_pic_works=yes
lt_cv_prog_compiler_pic_works_CXX=yes
lt_cv_prog_compiler_rtti_exceptions=yes
lt_cv_prog_compiler_static_works=no
lt_cv_prog_compiler_static_works_CXX=no
lt_cv_prog_gnu_ld=no
lt_cv_prog_gnu_ldcxx=no
lt_cv_sharedlib_from_linklib_cmd='printf %s\n'
lt_cv_sys_global_symbol_pipe='sed -n -e '\''s/^.*[	 ]\([BCDEGRST][BCDEGRST]*\)[	 ][	 ]*_\([_A-Za-z][_A-Za-z0-9]*\)$/\1 _\2 \2/p'\'' | sed '\''/ __gnu_lto/d'\'''
lt_cv_sys_global_symbol_to_c_name_address='sed -n -e '\''s/^: \([^ ]*\)[ ]*$/  {\"\1\", (void *) 0},/p'\'' -e '\''s/^[BCDEGRST]* \([^ ]*\) \([^ ]*\)$/  {"\2", (void *) \&\2},/p'\'''
lt_cv_sys_global_symbol_to_c_name_address_lib_prefix='sed -n -e '\''s/^: \([^ ]*\)[ ]*$/  {\"\1\", (void *) 0},/p'\'' -e '\''s/^[BCDEGRST]* \([^ ]*\) \(lib[^ ]*\)$/  {"\2", (void *) \&\2},/p'\'' -e '\''s/^[BCDEGRST]* \([^ ]*\) \([^ ]*\)$/  {"lib\2", (void *) \&\2},/p'\'''
lt_cv_sys_global_symbol_to_cdecl='sed -n -e '\''s/^T .* \(.*\)$/extern int \1();/p'\'' -e '\''s/^[BCDEGRST]* .* \(.*\)$/extern char \1;/p'\'''
lt_cv_sys_max_cmd_len=196608
lt_cv_to_host_file_cmd=func_convert_file_noop
lt_cv_to_tool_file_cmd=func_convert_file_noop

## ----------------- ##
## Output variables. ##
## ----------------- ##

ACLOCAL='aclocal-1.14'
AMDEPBACKSLASH='\'
AMDEP_FALSE='#'
AMDEP_TRUE=''
AMTAR='$${TAR-tar}'
AM_BACKSLASH='\'
AM_DEFAULT_V='$(AM_DEFAULT_VERBOSITY)'
AM_DEFAULT_VERBOSITY='1'
AM_V='$(V)'
AR='ar'
AUTOCONF='autoconf'
AUTOHEADER='autoheader'
AUTOMAKE='automake-1.14'
AWK='awk'
CC='gcc'
CCDEPMODE='depmode=gcc3'
CFLAGS='-g -O2'
CPP='gcc -E'
CPPFLAGS=''
CXX='/usr/local/bin/g++-4.8'
CXXCPP='/usr/local/bin/g++-4.8 -E'
CXXDEPMODE='depmode=gcc3'
CXXFLAGS='-g -O2'
CYGPATH_W='echo'
DEFS='-DHAVE_CONFIG_H'
DEPDIR='.deps'
DLLTOOL='false'
DSYMUTIL='dsymutil'
DUMPBIN=''
ECHO_C='\c'
ECHO_N=''
ECHO_T=''
EGREP='/usr/bin/grep -E'
EXEEXT=''
FGREP='/usr/bin/grep -F'
GREP='/usr/bin/grep'
HAVE_GNUPLOT='yes'
INSTALL_DATA='${INSTALL} -m 644'
INSTALL_PROGRAM='${INSTALL}'
INSTALL_SCRIPT='${INSTALL}'
INSTALL_STRIP_PROGRAM='$(install_sh) -c -s'
LD='/Applications/Xcode.app/Contents/Developer/Toolchains/XcodeDefault.xctoolchain/usr/bin/ld'
LDFLAGS=''
LHAPDF_DIR='/usr/local'
LIBOBJS=' ${LIBOBJDIR}error$U.o'
LIBS=''
LIBTOOL='$(SHELL) $(top_builddir)/libtool'
LIPO='lipo'
LN_S='ln -s'
LTLIBOBJS=' ${LIBOBJDIR}error$U.lo'
MAKEINFO='makeinfo'
MANIFEST_TOOL=':'
MKDIR_P='build-aux/install-sh -c -d'
NM='/usr/bin/nm'
NMEDIT='nmedit'
OBJDUMP='false'
OBJEXT='o'
OTOOL64=':'
OTOOL='otool'
PACKAGE='camgen'
PACKAGE_BUGREPORT='Gijs van den Oord <G.vandenOord@gmail.com>'
PACKAGE_NAME='Camgen'
PACKAGE_STRING='Camgen 1.0'
PACKAGE_TARNAME='camgen'
PACKAGE_URL=''
PACKAGE_VERSION='1.0'
PATH_SEPARATOR=':'
RANLIB='ranlib'
SED='/usr/bin/sed'
SET_MAKE=''
SHELL='/bin/sh'
STRIP='strip'
USE_LHAPDF_FALSE=''
USE_LHAPDF_TRUE='#'
VERSION='1.0'
ac_ct_AR='ar'
ac_ct_CC='gcc'
ac_ct_CXX=''
ac_ct_DUMPBIN=''
am__EXEEXT_FALSE=''
am__EXEEXT_TRUE='#'
am__fastdepCC_FALSE='#'
am__fastdepCC_TRUE=''
am__fastdepCXX_FALSE='#'
am__fastdepCXX_TRUE=''
am__include='include'
am__isrc=''
am__leading_dot='.'
am__nodep='_no'
am__quote=''
am__tar='$${TAR-tar} chof - "$$tardir"'
am__untar='$${TAR-tar} xf -'
bindir='${exec_prefix}/bin'
build='i386-apple-darwin13.1.0'
build_alias=''
build_cpu='i386'
build_os='darwin13.1.0'
build_vendor='apple'
datadir='${datarootdir}'
datarootdir='${prefix}/share'
docdir='${datarootdir}/doc/${PACKAGE_TARNAME}'
dvidir='${docdir}'
exec_prefix='${prefix}'
host='i386-apple-darwin13.1.0'
host_alias=''
host_cpu='i386'
host_os='darwin13.1.0'
host_vendor='apple'
htmldir='${docdir}'
includedir='${prefix}/include'
infodir='${datarootdir}/info'
install_sh='${SHELL} /Users/vdoord/Camgen/build-aux/install-sh'
libdir='${exec_prefix}/lib'
libexecdir='${exec_prefix}/libexec'
localedir='${datarootdir}/locale'
localstatedir='${prefix}/var'
mandir='${datarootdir}/man'
mkdir_p='$(MKDIR_P)'
oldincludedir='/usr/include'
pdfdir='${docdir}'
prefix='/usr/local'
program_transform_name='s,x,x,'
psdir='${docdir}'
sbindir='${exec_prefix}/sbin'
sharedstatedir='${prefix}/com'
sysconfdir='${prefix}/etc'
target_alias=''

## ----------- ##
## confdefs.h. ##
## ----------- ##

/* confdefs.h */
#define PACKAGE_NAME "Camgen"
#define PACKAGE_TARNAME "camgen"
#define PACKAGE_VERSION "1.0"
#define PACKAGE_STRING "Camgen 1.0"
#define PACKAGE_BUGREPORT "Gijs van den Oord <G.vandenOord@gmail.com>"
#define PACKAGE_URL ""
#define STDC_HEADERS 1
#define HAVE_SYS_TYPES_H 1
#define HAVE_SYS_STAT_H 1
#define HAVE_STDLIB_H 1
#define HAVE_STRING_H 1
#define HAVE_MEMORY_H 1
#define HAVE_STRINGS_H 1
#define HAVE_INTTYPES_H 1
#define HAVE_STDINT_H 1
#define HAVE_UNISTD_H 1
#define HAVE_DLFCN_H 1
#define LT_OBJDIR ".libs/"
#define PACKAGE "camgen"
#define VERSION "1.0"
#define STDC_HEADERS 1
#define HAVE_PTRDIFF_T 1
#define HAVE_FLOOR 1
#define HAVE_POW 1
#define HAVE_SQRT 1
#define GNUPLOTPATH "/usr/local/bin/gnuplot"

configure: exit 0

## ---------------------- ##
## Running config.status. ##
## ---------------------- ##

This file was extended by Camgen config.status 1.0, which was
generated by GNU Autoconf 2.69.  Invocation command line was

  CONFIG_FILES    = 
  CONFIG_HEADERS  = 
  CONFIG_LINKS    = 
  CONFIG_COMMANDS = 
  $ ./config.status include/Makefile

on vdoords-MacBook.local

config.status:1155: creating include/Makefile

## ---------------------- ##
## Running config.status. ##
## ---------------------- ##

This file was extended by Camgen config.status 1.0, which was
generated by GNU Autoconf 2.69.  Invocation command line was

  CONFIG_FILES    = 
  CONFIG_HEADERS  = 
  CONFIG_LINKS    = 
  CONFIG_COMMANDS = 
  $ ./config.status include/Makefile

on vdoords-MacBook.local

config.status:1155: creating include/Makefile

## ---------------------- ##
## Running config.status. ##
## ---------------------- ##

This file was extended by Camgen config.status 1.0, which was
generated by GNU Autoconf 2.69.  Invocation command line was

  CONFIG_FILES    = 
  CONFIG_HEADERS  = 
  CONFIG_LINKS    = 
  CONFIG_COMMANDS = 
  $ ./config.status include/Makefile

on vdoords-MacBook.local

config.status:1155: creating include/Makefile

## ---------------------- ##
## Running config.status. ##
## ---------------------- ##

This file was extended by Camgen config.status 1.0, which was
generated by GNU Autoconf 2.69.  Invocation command line was

  CONFIG_FILES    = 
  CONFIG_HEADERS  = 
  CONFIG_LINKS    = 
  CONFIG_COMMANDS = 
  $ ./config.status include/Makefile

on vdoords-MacBook.local

config.status:1155: creating include/Makefile

## ---------------------- ##
## Running config.status. ##
## ---------------------- ##

This file was extended by Camgen config.status 1.0, which was
generated by GNU Autoconf 2.69.  Invocation command line was

  CONFIG_FILES    = 
  CONFIG_HEADERS  = 
  CONFIG_LINKS    = 
  CONFIG_COMMANDS = 
  $ ./config.status test/Makefile depfiles

on vdoords-MacBook.local

config.status:1155: creating test/Makefile
config.status:1384: executing depfiles commands
